[init] loading up to 80 councils from /Users/rsboarder/.owlex/owlex.db
[init] loaded 80 councils (67 with >=2 R1 responses)
[1/80] 195002 — orig=4.0 glm=4.0 (3.9s)
[2/80] 162255 — orig=4.0 glm=5.0 (4.3s)
[3/80] 143342 — orig=4.0 glm=5.0 (4.4s)
[4/80] 221858 — orig=4.0 glm=4.0 (5.2s)
[5/80] 235145 — orig=4.0 glm=4.0 (4.3s)
[6/80] 231438 — orig=2.0 glm=3.0 (5.4s)
[7/80] 210711 — orig=None glm=5.0 (3.3s)
[8/80] 192846 — orig=None glm=4.0 (5.3s)
[9/80] 161139 — orig=3.0 glm=4.0 (5.7s)
[10/80] 144014 — orig=3.0 glm=5.0 (4.3s)
[11/80] 114332 — orig=4.0 glm=5.0 (6.2s)
[12/80] 224913 — orig=4.0 glm=5.0 (5.0s)
[13/80] 005936 — orig=4.0 glm=5.0 (7.5s)
[14/80] 233423 — orig=3.0 glm=5.0 (3.2s)
[15/80] 124243 — orig=5.0 glm=5.0 (4.4s)
[16/80] 222144 — skip (only 0 R1)
[17/80] 171935 — skip (only 0 R1)
[18/80] 231807 — skip (only 0 R1)
[19/80] 001551 — skip (only 0 R1)
[20/80] 191649 — skip (only 0 R1)
[21/80] 151313 — skip (only 0 R1)
[22/80] 133523 — skip (only 0 R1)
[23/80] 004615 — skip (only 0 R1)
[24/80] 010109 — skip (only 0 R1)
[25/80] 001318 — skip (only 0 R1)
[26/80] 203406 — skip (only 0 R1)
[27/80] 171135 — skip (only 0 R1)
[28/80] 010006 — orig=4.0 glm=4.0 (4.4s)
[29/80] 230502 — orig=4.0 glm=5.0 (3.9s)
[30/80] 232043 — orig=4.0 glm=3.0 (5.4s)
[31/80] 191908 — orig=4.0 glm=5.0 (8.3s)
[32/80] 190956 — orig=5.0 glm=5.0 (4.4s)
[33/80] 184306 — orig=4.0 glm=5.0 (3.3s)
[34/80] 214308 — orig=5.0 glm=5.0 (19.0s)
[35/80] 212917 — skip (only 1 R1)
[36/80] 223934 — orig=None glm=5.0 (5.4s)
[37/80] 002741 — orig=4.0 glm=5.0 (3.7s)
[38/80] 001104 — orig=4.0 glm=4.0 (4.0s)
[39/80] 234424 — orig=4.0 glm=5.0 (4.4s)
[40/80] 223021 — orig=4.0 glm=4.0 (5.1s)
[41/80] 175124 — orig=4.0 glm=4.0 (5.3s)
[42/80] 000719 — orig=4.0 glm=5.0 (6.2s)
[43/80] 211549 — orig=4.0 glm=4.0 (4.6s)
[44/80] 102358 — orig=3.0 glm=3.0 (5.0s)
[45/80] 014015 — orig=4.0 glm=4.0 (5.0s)
[46/80] 001535 — orig=4.0 glm=4.0 (4.3s)
[47/80] 213149 — orig=4.0 glm=5.0 (4.6s)
[48/80] 204512 — orig=3.0 glm=4.0 (5.7s)
[49/80] 170726 — orig=4.0 glm=5.0 (5.2s)
[50/80] 002039 — orig=1.8 glm=5.0 (4.7s)
[51/80] 210707 — orig=1.5 glm=4.0 (8.0s)
[52/80] 123537 — orig=1.7 glm=5.0 (4.2s)
[53/80] 232853 — orig=2.0 glm=4.0 (5.5s)
[54/80] 231120 — orig=2.0 glm=4.0 (5.1s)
[55/80] 000433 — orig=1.6 glm=4.0 (5.3s)
[56/80] 203956 — orig=1.6 glm=4.0 (5.3s)
[57/80] 142606 — orig=3.0 glm=3.0 (4.1s)
[58/80] 235643 — orig=3.0 glm=4.0 (5.4s)
[59/80] 195619 — orig=5.0 glm=4.0 (3.6s)
[60/80] 192255 — orig=1.8 glm=4.0 (4.6s)
[61/80] 180448 — orig=5.0 glm=5.0 (4.0s)
[62/80] 172746 — orig=4.0 glm=5.0 (3.6s)
[63/80] 163400 — orig=4.0 glm=5.0 (5.3s)
[64/80] 154922 — orig=1.8 glm=4.0 (4.8s)
[65/80] 150856 — orig=1.8 glm=4.0 (6.7s)
[66/80] 153246 — orig=2.0 glm=4.0 (4.9s)
[67/80] 133412 — orig=4.0 glm=3.0 (5.7s)
[68/80] 234052 — orig=2.0 glm=4.0 (4.9s)
[69/80] 135052 — orig=5.0 glm=4.0 (4.5s)
[70/80] 001610 — orig=3.0 glm=3.0 (3.7s)
[71/80] 224010 — orig=2.0 glm=4.0 (4.0s)
[72/80] 235519 — orig=1.5 glm=2.0 (4.4s)
[73/80] 234250 — orig=4.0 glm=4.0 (4.1s)
[74/80] 184323 — orig=5.0 glm=5.0 (3.5s)
[75/80] 231752 — orig=5.0 glm=5.0 (4.7s)
[76/80] 232030 — orig=3.0 glm=4.0 (6.0s)
[77/80] 205729 — orig=3.0 glm=4.0 (5.7s)
[78/80] 133206 — orig=5.0 glm=5.0 (5.2s)
[79/80] 130146 — orig=3.0 glm=4.0 (4.2s)
[80/80] 123143 — orig=5.0 glm=4.0 (9.2s)

[done] wrote /Users/rsboarder/workspace/owlex/scripts/shadow_results/agreement_replay_glm.jsonl
[done] wrote /Users/rsboarder/workspace/owlex/scripts/shadow_results/agreement_summary_glm.md
