[init] loading up to 100 councils from /Users/rsboarder/.owlex/owlex.db
[init] loaded 100 councils (62 with >=2 R1 responses)
[1/100] 002741 — orig=4.0 grok=4.0 (31.1s)
[2/100] 001104 — orig=4.0 grok=4.0 (37.6s)
[3/100] 234424 — orig=4.0 grok=4.0 (42.2s)
[4/100] 223021 — orig=4.0 grok=4.0 (45.0s)
[5/100] 175124 — orig=4.0 grok=4.0 (59.0s)
[6/100] 000719 — orig=4.0 grok=5.0 (28.9s)
[7/100] 211549 — orig=4.0 grok=5.0 (35.9s)
[8/100] 102358 — orig=3.0 grok=3.0 (38.0s)
[9/100] 014015 — orig=4.0 grok=2.0 (63.3s)
[10/100] 001535 — orig=4.0 grok=3.0 (37.4s)
[11/100] 213149 — orig=4.0 grok=5.0 (60.6s)
[12/100] 204512 — orig=3.0 grok=3.0 (35.3s)
[13/100] 170726 — orig=4.0 grok=4.0 (33.5s)
[14/100] 002039 — orig=1.8 grok=4.0 (35.7s)
[15/100] 210707 — orig=1.5 grok=4.0 (36.3s)
[16/100] 123537 — orig=1.7 grok=4.0 (37.7s)
[17/100] 232853 — orig=2.0 grok=3.0 (44.6s)
[18/100] 231120 — orig=2.0 grok=4.0 (36.7s)
[19/100] 000433 — orig=1.6 grok=3.0 (51.3s)
[20/100] 203956 — orig=1.6 grok=3.0 (35.4s)
[21/100] 142606 — orig=3.0 grok=2.0 (33.8s)
[22/100] 235643 — orig=3.0 grok=3.0 (36.9s)
[23/100] 195619 — orig=5.0 grok=4.0 (31.0s)
[24/100] 192255 — orig=1.8 grok=4.0 (40.7s)
[25/100] 180448 — orig=5.0 grok=4.0 (42.5s)
[26/100] 172746 — orig=4.0 grok=4.0 (36.9s)
[27/100] 163400 — orig=4.0 grok=4.0 (31.0s)
[28/100] 154922 — orig=1.8 grok=3.0 (104.2s)
[29/100] 150856 — orig=1.8 grok=4.0 (44.0s)
[30/100] 153246 — orig=2.0 grok=3.0 (45.6s)
[31/100] 133412 — orig=4.0 grok=3.0 (42.0s)
[32/100] 234052 — orig=2.0 grok=2.0 (38.8s)
[33/100] 135052 — orig=5.0 grok=4.0 (45.7s)
[34/100] 001610 — orig=3.0 grok=2.0 (36.3s)
[35/100] 224010 — orig=2.0 grok=3.0 (37.3s)
[36/100] 235519 — orig=1.5 grok=2.0 (31.9s)
[37/100] 234250 — orig=4.0 grok=4.0 (38.5s)
[38/100] 184323 — orig=5.0 grok=4.0 (30.7s)
[39/100] 231752 — orig=5.0 grok=4.0 (32.4s)
[40/100] 232030 — orig=3.0 grok=3.0 (37.5s)
[41/100] 205729 — orig=3.0 grok=3.0 (31.4s)
[42/100] 133206 — orig=5.0 grok=4.0 (32.1s)
[43/100] 130146 — orig=3.0 grok=3.0 (34.7s)
[44/100] 123143 — orig=5.0 grok=4.0 (30.6s)
[45/100] 000440 — orig=3.0 grok=2.0 (49.7s)
[46/100] 225930 — orig=2.0 grok=2.0 (53.6s)
[47/100] 220313 — orig=4.0 grok=4.0 (32.8s)
[48/100] 183900 — orig=4.0 grok=3.0 (48.2s)
[49/100] 233452 — orig=4.0 grok=3.0 (54.5s)
[50/100] 175623 — orig=5.0 grok=3.0 (69.8s)
[51/100] 163002 — orig=3.0 grok=3.0 (71.7s)
[52/100] 132703 — orig=4.0 grok=3.0 (36.7s)
[53/100] 130135 — skip (only 1 R1)
[54/100] 120700 — orig=4.0 grok=3.0 (34.1s)
[55/100] 232436 — orig=1.6 grok=3.0 (41.3s)
[56/100] 231820 — skip (only 1 R1)
[57/100] 225639 — orig=1.6 grok=2.0 (67.8s)
[58/100] 160923 — orig=1.5 grok=2.0 (43.9s)
[59/100] 104949 — orig=1.7 grok=3.0 (38.3s)
[60/100] 235917 — orig=1.5 grok=1.0 (65.4s)
[61/100] 183448 — orig=1.5 grok=2.0 (56.6s)
[62/100] 132346 — orig=1.5 grok=2.0 (51.1s)
[63/100] 130644 — orig=1.7 grok=2.0 (32.2s)
[64/100] 121438 — orig=1.6 grok=4.0 (64.8s)
[65/100] 211243 — skip (only 0 R1)
[66/100] 183222 — skip (only 0 R1)
[67/100] 014204 — skip (only 0 R1)
[68/100] 013402 — skip (only 0 R1)
[69/100] 235952 — skip (only 0 R1)
[70/100] 153520 — skip (only 0 R1)
[71/100] 010139 — skip (only 0 R1)
[72/100] 002944 — skip (only 0 R1)
[73/100] 230856 — skip (only 0 R1)
[74/100] 220122 — skip (only 0 R1)
[75/100] 190832 — skip (only 0 R1)
[76/100] 160843 — skip (only 0 R1)
[77/100] 144511 — skip (only 0 R1)
[78/100] 023249 — skip (only 0 R1)
[79/100] 003436 — skip (only 0 R1)
[80/100] 214334 — skip (only 0 R1)
[81/100] 184634 — skip (only 0 R1)
[82/100] 161814 — skip (only 0 R1)
[83/100] 135213 — skip (only 0 R1)
[84/100] 134322 — skip (only 0 R1)
[85/100] 131414 — skip (only 0 R1)
[86/100] 130843 — skip (only 0 R1)
[87/100] 130252 — skip (only 0 R1)
[88/100] 124816 — skip (only 0 R1)
[89/100] 115458 — skip (only 0 R1)
[90/100] 112911 — skip (only 0 R1)
[91/100] 101507 — skip (only 0 R1)
[92/100] 093931 — skip (only 0 R1)
[93/100] 003320 — skip (only 0 R1)
[94/100] 001839 — skip (only 0 R1)
[95/100] 195027 — skip (only 0 R1)
[96/100] 230751 — skip (only 0 R1)
[97/100] 230559 — skip (only 0 R1)
[98/100] 172302 — skip (only 0 R1)
[99/100] 110830 — skip (only 0 R1)
[100/100] 204354 — skip (only 0 R1)

[done] wrote /Users/rsboarder/workspace/owlex/scripts/shadow_results/agreement_replay.jsonl
[done] wrote /Users/rsboarder/workspace/owlex/scripts/shadow_results/agreement_summary.md
