[init] loading up to 40 councils from /Users/rsboarder/.owlex/owlex.db
[init] loaded 40 councils (40 with >=2 R1 responses)
[1/40] 185944 — orig=4.0 grok=4.0 (20.2s)
[2/40] 195555 — orig=5.0 grok=5.0 (11.4s)
[3/40] 180038 — orig=3.0 grok=4.0 (10.7s)
[4/40] 003644 — orig=2.0 grok=4.0 (22.8s)
[5/40] 231626 — orig=3.0 grok=4.0 (37.7s)
[6/40] 160822 — orig=2.0 grok=5.0 (11.9s)
[7/40] 003930 — orig=4.0 grok=4.0 (33.5s)
[8/40] 235726 — orig=2.0 grok=5.0 (11.5s)
[9/40] 201828 — orig=4.0 grok=4.0 (48.6s)
[10/40] 161957 — orig=3.0 grok=4.0 (19.4s)
[11/40] 155615 — orig=4.0 grok=5.0 (10.1s)
[12/40] 153024 — orig=4.0 grok=4.0 (13.8s)
[13/40] 010140 — orig=4.0 grok=4.0 (18.9s)
[14/40] 004329 — orig=3.0 grok=4.0 (10.4s)
[15/40] 184550 — orig=4.0 grok=4.0 (15.3s)
[16/40] 235703 — orig=3.0 grok=3.0 (20.9s)
[17/40] 193513 — orig=4.0 grok=4.0 (36.2s)
[18/40] 144859 — orig=2.0 grok=2.0 (17.8s)
[19/40] 183440 — orig=4.0 grok=4.0 (14.7s)
[20/40] 144943 — orig=5.0 grok=5.0 (43.9s)
[21/40] 012610 — orig=5.0 grok=5.0 (11.2s)
[22/40] 234850 — orig=2.0 grok=3.0 (15.1s)
[23/40] 200135 — orig=5.0 grok=5.0 (43.2s)
[24/40] 173050 — orig=3.0 grok=4.0 (18.2s)
[25/40] 140506 — orig=4.0 grok=4.0 (15.9s)
[26/40] 135044 — orig=4.0 grok=4.0 (15.1s)
[27/40] 112952 — orig=3.0 grok=4.0 (20.0s)
[28/40] 122353 — orig=3.0 grok=5.0 (15.6s)
[29/40] 003042 — orig=2.0 grok=4.0 (16.3s)
[30/40] 232316 — orig=2.0 grok=4.0 (14.2s)
[31/40] 220018 — orig=4.0 grok=5.0 (13.1s)
[32/40] 194018 — orig=3.0 grok=2.0 (14.2s)
[33/40] 104945 — orig=4.0 grok=5.0 (31.7s)
[34/40] 000355 — orig=4.0 grok=4.0 (16.9s)
[35/40] 212052 — orig=4.0 grok=4.0 (11.5s)
[36/40] 192519 — orig=4.0 grok=4.0 (12.5s)
[37/40] 134611 — orig=2.0 grok=3.0 (14.3s)
[38/40] 221935 — orig=4.0 grok=4.0 (13.0s)
[39/40] 122904 — orig=2.0 grok=3.0 (16.3s)
[40/40] 114641 — orig=2.0 grok=4.0 (12.9s)

[done] wrote /Users/rsboarder/workspace/owlex/scripts/shadow_results/agreement_replay.jsonl
[done] wrote /Users/rsboarder/workspace/owlex/scripts/shadow_results/agreement_summary.md
