[resume] 13 councils already processed in rater_replay.jsonl
[init] loading up to 60 councils with blind ratings
[init] 46 councils remaining to process
[1/46] 002039 — rated 3 agents (75.3s)
[2/46] 210707 — rated 2 agents (75.5s)
[3/46] 123537 — rated 3 agents (140.4s)
[4/46] 232853 — rated 3 agents (55.6s)
[5/46] 231120 — parse fail (59.4s)
[6/46] 000433 — rated 3 agents (44.4s)
[7/46] 203956 — rated 3 agents (62.7s)
[8/46] 142606 — rated 3 agents (31.2s)
[9/46] 235643 — rated 3 agents (96.9s)
[10/46] 195619 — rated 3 agents (56.0s)
[11/46] 192255 — rated 2 agents (100.3s)
[12/46] 180448 — rated 2 agents (65.7s)
[13/46] 172746 — rated 3 agents (64.4s)
[14/46] 163400 — rated 3 agents (47.7s)
[15/46] 154922 — rated 2 agents (63.3s)
[16/46] 150856 — rated 2 agents (62.4s)
[17/46] 153246 — rated 3 agents (178.1s)
[18/46] 133412 — rated 2 agents (35.3s)
[19/46] 234052 — rated 3 agents (46.3s)
[20/46] 135052 — rated 3 agents (48.6s)
[21/46] 001610 — rated 3 agents (83.7s)
[22/46] 224010 — rated 2 agents (72.6s)
[23/46] 235519 — rated 3 agents (52.4s)
[24/46] 234250 — rated 3 agents (53.7s)
[25/46] 184323 — rated 2 agents (37.9s)
[26/46] 231752 — rated 2 agents (71.0s)
[27/46] 232030 — rated 3 agents (63.0s)
[28/46] 205729 — rated 3 agents (130.3s)
[29/46] 133206 — rated 3 agents (47.6s)
[30/46] 130146 — rated 3 agents (118.6s)
[31/46] 123143 — rated 3 agents (42.2s)
[32/46] 000440 — rated 3 agents (43.7s)
[33/46] 225930 — rated 3 agents (82.6s)
[34/46] 220313 — rated 3 agents (85.7s)
[35/46] 183900 — rated 3 agents (73.3s)
[36/46] 233452 — rated 3 agents (70.4s)
[37/46] 175623 — rated 3 agents (49.9s)
[38/46] 163002 — rated 3 agents (31.8s)
[39/46] 132703 — rated 3 agents (38.1s)
[40/46] 130135 — skip (insufficient R1)
[41/46] 120700 — rated 2 agents (35.6s)
[42/46] 232436 — rated 3 agents (43.7s)
[43/46] 231820 — skip (insufficient R1)
[44/46] 225639 — rated 3 agents (53.2s)
[45/46] 160923 — rated 3 agents (37.0s)
[46/46] 104949 — rated 3 agents (36.8s)

[done] wrote /Users/rsboarder/workspace/owlex/scripts/shadow_results/rater_replay.jsonl
[done] wrote /Users/rsboarder/workspace/owlex/scripts/shadow_results/rater_summary.md
